<?xml version="1.0" encoding="UTF-8"?>
<testng-results ignored="0" total="1" passed="0" failed="0" skipped="1">
  <reporter-output>
  </reporter-output>
  <suite started-at="2025-02-20T21:38:53 IST" name="Default suite" finished-at="2025-02-20T21:38:53 IST" duration-ms="48">
    <groups>
    </groups>
    <test started-at="2025-02-20T21:38:53 IST" name="Default test" finished-at="2025-02-20T21:38:53 IST" duration-ms="48">
      <class name="Institution_Test_Scripts.Inst_Login_validation">
        <test-method is-config="true" signature="generateReport()[pri:0, instance:Institution_Test_Scripts.Inst_Login_validation@477b4cdf]" started-at="2025-02-20T21:38:53 IST" name="generateReport" finished-at="2025-02-20T21:38:53 IST" duration-ms="314" status="PASS">
          <reporter-output>
          </reporter-output>
        </test-method> <!-- generateReport -->
        <test-method is-config="true" signature="setUp(java.lang.String,java.lang.String)[pri:0, instance:Institution_Test_Scripts.Inst_Login_validation@477b4cdf]" started-at="2025-02-20T21:38:53 IST" name="setUp" finished-at="1970-01-01T05:30:00 IST" duration-ms="-1740067733385" status="FAIL">
          <exception class="org.testng.TestNGException">
            <message>
              <![CDATA[
Parameter 'Browser_Name' is required by BeforeClass on method setUp but has not been marked @Optional or defined
in C:\Users\dines\AppData\Local\Temp\testng-eclipse--1284705412\testng-customsuite.xml]]>
            </message>
            <full-stacktrace>
              <![CDATA[org.testng.TestNGException: 
Parameter 'Browser_Name' is required by BeforeClass on method setUp but has not been marked @Optional or defined
in C:\Users\dines\AppData\Local\Temp\testng-eclipse--1284705412\testng-customsuite.xml
at org.testng.internal.Parameters.createParams(Parameters.java:267)
at org.testng.internal.Parameters.createParametersForMethod(Parameters.java:355)
at org.testng.internal.Parameters.createParameters(Parameters.java:660)
at org.testng.internal.Parameters.createConfigurationParameters(Parameters.java:166)
at org.testng.internal.invokers.ConfigInvoker.invokeConfigurations(ConfigInvoker.java:300)
at org.testng.internal.invokers.TestMethodWorker.invokeBeforeClassMethods(TestMethodWorker.java:178)
at org.testng.internal.invokers.TestMethodWorker.run(TestMethodWorker.java:122)
at java.base/java.util.ArrayList.forEach(ArrayList.java:1597)
at org.testng.TestRunner.privateRun(TestRunner.java:808)
at org.testng.TestRunner.run(TestRunner.java:603)
at org.testng.SuiteRunner.runTest(SuiteRunner.java:429)
at org.testng.SuiteRunner.runSequentially(SuiteRunner.java:423)
at org.testng.SuiteRunner.privateRun(SuiteRunner.java:383)
at org.testng.SuiteRunner.run(SuiteRunner.java:326)
at org.testng.SuiteRunnerWorker.runSuite(SuiteRunnerWorker.java:52)
at org.testng.SuiteRunnerWorker.run(SuiteRunnerWorker.java:95)
at org.testng.TestNG.runSuitesSequentially(TestNG.java:1249)
at org.testng.TestNG.runSuitesLocally(TestNG.java:1169)
at org.testng.TestNG.runSuites(TestNG.java:1092)
at org.testng.TestNG.run(TestNG.java:1060)
at org.testng.remote.AbstractRemoteTestNG.run(AbstractRemoteTestNG.java:115)
at org.testng.remote.RemoteTestNG.initAndRun(RemoteTestNG.java:293)
at org.testng.remote.RemoteTestNG.main(RemoteTestNG.java:91)
]]>
            </full-stacktrace>
          </exception> <!-- org.testng.TestNGException -->
          <reporter-output>
          </reporter-output>
        </test-method> <!-- setUp -->
        <test-method signature="Login_Validation()[pri:0, instance:Institution_Test_Scripts.Inst_Login_validation@477b4cdf]" started-at="2025-02-20T21:38:53 IST" name="Login_Validation" finished-at="2025-02-20T21:38:53 IST" duration-ms="0" status="SKIP">
          <exception class="org.testng.TestNGException">
            <message>
              <![CDATA[
Parameter 'Browser_Name' is required by BeforeClass on method setUp but has not been marked @Optional or defined
in C:\Users\dines\AppData\Local\Temp\testng-eclipse--1284705412\testng-customsuite.xml]]>
            </message>
            <full-stacktrace>
              <![CDATA[org.testng.TestNGException: 
Parameter 'Browser_Name' is required by BeforeClass on method setUp but has not been marked @Optional or defined
in C:\Users\dines\AppData\Local\Temp\testng-eclipse--1284705412\testng-customsuite.xml
at org.testng.internal.Parameters.createParams(Parameters.java:267)
at org.testng.internal.Parameters.createParametersForMethod(Parameters.java:355)
at org.testng.internal.Parameters.createParameters(Parameters.java:660)
at org.testng.internal.Parameters.createConfigurationParameters(Parameters.java:166)
at org.testng.internal.invokers.ConfigInvoker.invokeConfigurations(ConfigInvoker.java:300)
at org.testng.internal.invokers.TestMethodWorker.invokeBeforeClassMethods(TestMethodWorker.java:178)
at org.testng.internal.invokers.TestMethodWorker.run(TestMethodWorker.java:122)
at java.base/java.util.ArrayList.forEach(ArrayList.java:1597)
at org.testng.TestRunner.privateRun(TestRunner.java:808)
at org.testng.TestRunner.run(TestRunner.java:603)
at org.testng.SuiteRunner.runTest(SuiteRunner.java:429)
at org.testng.SuiteRunner.runSequentially(SuiteRunner.java:423)
at org.testng.SuiteRunner.privateRun(SuiteRunner.java:383)
at org.testng.SuiteRunner.run(SuiteRunner.java:326)
at org.testng.SuiteRunnerWorker.runSuite(SuiteRunnerWorker.java:52)
at org.testng.SuiteRunnerWorker.run(SuiteRunnerWorker.java:95)
at org.testng.TestNG.runSuitesSequentially(TestNG.java:1249)
at org.testng.TestNG.runSuitesLocally(TestNG.java:1169)
at org.testng.TestNG.runSuites(TestNG.java:1092)
at org.testng.TestNG.run(TestNG.java:1060)
at org.testng.remote.AbstractRemoteTestNG.run(AbstractRemoteTestNG.java:115)
at org.testng.remote.RemoteTestNG.initAndRun(RemoteTestNG.java:293)
at org.testng.remote.RemoteTestNG.main(RemoteTestNG.java:91)
]]>
            </full-stacktrace>
          </exception> <!-- org.testng.TestNGException -->
          <reporter-output>
          </reporter-output>
        </test-method> <!-- Login_Validation -->
        <test-method is-config="true" signature="Close_Browser()[pri:0, instance:Institution_Test_Scripts.Inst_Login_validation@477b4cdf]" started-at="2025-02-20T21:38:53 IST" name="Close_Browser" finished-at="2025-02-20T21:38:53 IST" duration-ms="0" status="SKIP">
          <reporter-output>
          </reporter-output>
        </test-method> <!-- Close_Browser -->
        <test-method is-config="true" signature="Execution_Results()[pri:0, instance:Institution_Test_Scripts.Inst_Login_validation@477b4cdf]" started-at="2025-02-20T21:38:53 IST" name="Execution_Results" finished-at="2025-02-20T21:38:53 IST" duration-ms="1" status="PASS">
          <reporter-output>
          </reporter-output>
        </test-method> <!-- Execution_Results -->
        <test-method is-config="true" signature="Send_Mail()[pri:0, instance:Institution_Test_Scripts.Inst_Login_validation@477b4cdf]" started-at="2025-02-20T21:38:53 IST" name="Send_Mail" finished-at="2025-02-20T21:38:55 IST" duration-ms="1582" status="PASS">
          <reporter-output>
          </reporter-output>
        </test-method> <!-- Send_Mail -->
      </class> <!-- Institution_Test_Scripts.Inst_Login_validation -->
    </test> <!-- Default test -->
  </suite> <!-- Default suite -->
</testng-results>
