<?xml version="1.0" encoding="UTF-8"?>
<!-- Generated by org.testng.reporters.JUnitXMLReporter -->
<testsuite ignored="0" hostname="DESKTOP-9AOKU1Q" failures="0" tests="1" name="Test_1 -- Chrome" time="0.053" errors="0" timestamp="2024-07-19T15:06:15 IST">
  <testcase classname="Base_Package.Base_Class" name="@BeforeClass setUp" time="-1.72138177566E9">
    <failure type="org.testng.TestNGException" message="
Parameter &amp;apos;url&amp;apos; is required by BeforeClass on method setUp but has not been marked @Optional or defined
in F:\PsyHire\Institution.xml">
      <![CDATA[org.testng.TestNGException: 
Parameter 'url' is required by BeforeClass on method setUp but has not been marked @Optional or defined
in F:\PsyHire\Institution.xml
at java.base/java.util.ArrayList.forEach(ArrayList.java:1596)
... Removed 22 stack frames]]>
    </failure>
  </testcase> <!-- @BeforeClass setUp -->
  <testcase classname="Base_Package.Base_Class" name="@AfterClass Close_Browser" time="0.0">
    <skipped/>
  </testcase> <!-- @AfterClass Close_Browser -->
  <testcase classname="Institution_Test_Scripts.Inst_Login_validation" name="Login_Validation" time="0.0">
    <skipped/>
  </testcase> <!-- Login_Validation -->
</testsuite> <!-- Test_1 - Chrome -->
